0 info it worked if it ends with ok
1 verbose cli [ '/usr/bin/nodejs', '/usr/bin/npm', 'publish' ]
2 info using npm@2.15.0
3 info using node@v4.4.2
4 verbose publish [ '.' ]
5 silly cache add args [ '.', null ]
6 verbose cache add spec .
7 silly cache add parsed spec Result {
7 silly cache add   raw: '.',
7 silly cache add   scope: null,
7 silly cache add   name: null,
7 silly cache add   rawSpec: '.',
7 silly cache add   spec: '/home/paddy/Documents/rethinkdb-repl-cli',
7 silly cache add   type: 'directory' }
8 verbose addLocalDirectory /home/paddy/.npm/rethinkdb-client/0.0.1/package.tgz not in flight; packing
9 verbose correctMkdir /home/paddy/.npm correctMkdir not in flight; initializing
10 verbose tar pack [ '/home/paddy/.npm/rethinkdb-client/0.0.1/package.tgz',
10 verbose tar pack   '/home/paddy/Documents/rethinkdb-repl-cli' ]
11 verbose tarball /home/paddy/.npm/rethinkdb-client/0.0.1/package.tgz
12 verbose folder /home/paddy/Documents/rethinkdb-repl-cli
13 info prepublish rethinkdb-client@0.0.1
14 verbose addLocalTarball adding from inside cache /home/paddy/.npm/rethinkdb-client/0.0.1/package.tgz
15 verbose correctMkdir /home/paddy/.npm correctMkdir not in flight; initializing
16 silly cache afterAdd rethinkdb-client@0.0.1
17 verbose afterAdd /home/paddy/.npm/rethinkdb-client/0.0.1/package/package.json not in flight; writing
18 verbose correctMkdir /home/paddy/.npm correctMkdir not in flight; initializing
19 verbose afterAdd /home/paddy/.npm/rethinkdb-client/0.0.1/package/package.json written
20 silly publish { name: 'rethinkdb-client',
20 silly publish   version: '0.0.1',
20 silly publish   description: 'A mysql/mongo shell like client for rethinkdb',
20 silly publish   main: 'index.js',
20 silly publish   scripts: { 'rethinkdb-cli': './bin/rethinkdb-client' },
20 silly publish   author: { name: 'Paddy Tsang' },
20 silly publish   license: 'MIT',
20 silly publish   repository:
20 silly publish    { type: 'git',
20 silly publish      url: 'git+https://github.com/paddyabc/rethinkdb-repl-cli.git' },
20 silly publish   dependencies: { commander: '^2.9.0', rethinkdb: '^2.3.2' },
20 silly publish   devDependencies: {},
20 silly publish   readme: '# rethinkdb-client\n\nMysql client/Mongo shell like Nodejs command line client for [Rethinkdb](https://github.com/rethinkdb/rethinkdb)\n\n###Installation\n```\nnpm install -g rethinkdb-client\n```\n\n### Options\n\n```  \nUsage: rethinkdb-client [options]\n\n  Options:\n\n    -h, --help                 output usage information\n    -V, --version              output the version number\n    -u, --username <username>  database username\n    -p, --password <password>  database user password\n    -h, --host <host>          database hostname\n    -P, --port <port>          database port number\n    -d, --database <database>  database name\n\n```\n\n### How to use\n```\n# rethinkdb-client --host localhost\n\nrethinkdb [test]>\n```\n\nChange default database\n```\nrethinkdb [test]> use abc\nrethinkdb [abc]>\n```\n\nExecute ReQL\n```\nrethinkdb [test]> r.dbList()\n[\'rethinkdb\', \'test\']\nrethinkdb [test]>\n```\n\nQuit the command prompt\n```\nrethinkdb [test]> quit\n#\n```\n',
20 silly publish   readmeFilename: 'README.md',
20 silly publish   gitHead: '3daa2f9dbfbdaea9833a3e567095dce4a338922e',
20 silly publish   bugs: { url: 'https://github.com/paddyabc/rethinkdb-repl-cli/issues' },
20 silly publish   homepage: 'https://github.com/paddyabc/rethinkdb-repl-cli#readme',
20 silly publish   _id: 'rethinkdb-client@0.0.1',
20 silly publish   _shasum: 'f7c6a8c8f266860dc7d8d169c6e2f25c56f57a3e',
20 silly publish   _from: '.' }
21 verbose getPublishConfig undefined
22 silly mapToRegistry name rethinkdb-client
23 silly mapToRegistry using default registry
24 silly mapToRegistry registry https://registry.npmjs.org/
25 silly mapToRegistry data Result {
25 silly mapToRegistry   raw: 'rethinkdb-client',
25 silly mapToRegistry   scope: null,
25 silly mapToRegistry   name: 'rethinkdb-client',
25 silly mapToRegistry   rawSpec: '',
25 silly mapToRegistry   spec: 'latest',
25 silly mapToRegistry   type: 'tag' }
26 silly mapToRegistry uri https://registry.npmjs.org/rethinkdb-client
27 verbose publish registryBase https://registry.npmjs.org/
28 silly publish uploading /home/paddy/.npm/rethinkdb-client/0.0.1/package.tgz
29 verbose request uri https://registry.npmjs.org/rethinkdb-client
30 verbose request sending authorization for write operation
31 info attempt registry request try #1 at 2:34:10 PM
32 verbose request using bearer token for auth
33 verbose request id 0428f3232f6ff570
34 http request PUT https://registry.npmjs.org/rethinkdb-client
35 http 403 https://registry.npmjs.org/rethinkdb-client
36 verbose headers { 'content-type': 'application/json',
36 verbose headers   'cache-control': 'max-age=300',
36 verbose headers   'content-length': '95',
36 verbose headers   'accept-ranges': 'bytes',
36 verbose headers   date: 'Fri, 15 Jul 2016 06:34:11 GMT',
36 verbose headers   via: '1.1 varnish',
36 verbose headers   connection: 'keep-alive',
36 verbose headers   'x-served-by': 'cache-hkg6824-HKG',
36 verbose headers   'x-cache': 'MISS',
36 verbose headers   'x-cache-hits': '0',
36 verbose headers   'x-timer': 'S1468564450.513410,VS0,VE777',
36 verbose headers   vary: 'Accept-Encoding' }
37 verbose request invalidating /home/paddy/.npm/registry.npmjs.org/rethinkdb-client on PUT
38 error publish Failed PUT 403
39 verbose stack Error: "You cannot publish over the previously published version 0.0.1." : rethinkdb-client
39 verbose stack     at makeError (/usr/lib/node_modules/npm/node_modules/npm-registry-client/lib/request.js:264:12)
39 verbose stack     at CachingRegistryClient.<anonymous> (/usr/lib/node_modules/npm/node_modules/npm-registry-client/lib/request.js:252:14)
39 verbose stack     at Request._callback (/usr/lib/node_modules/npm/node_modules/npm-registry-client/lib/request.js:172:14)
39 verbose stack     at Request.self.callback (/usr/lib/node_modules/npm/node_modules/request/request.js:199:22)
39 verbose stack     at emitTwo (events.js:87:13)
39 verbose stack     at Request.emit (events.js:172:7)
39 verbose stack     at Request.<anonymous> (/usr/lib/node_modules/npm/node_modules/request/request.js:1036:10)
39 verbose stack     at emitOne (events.js:82:20)
39 verbose stack     at Request.emit (events.js:169:7)
39 verbose stack     at IncomingMessage.<anonymous> (/usr/lib/node_modules/npm/node_modules/request/request.js:963:12)
40 verbose statusCode 403
41 verbose pkgid rethinkdb-client
42 verbose cwd /home/paddy/Documents/rethinkdb-repl-cli
43 error Linux 3.19.0-15-generic
44 error argv "/usr/bin/nodejs" "/usr/bin/npm" "publish"
45 error node v4.4.2
46 error npm  v2.15.0
47 error code E403
48 error "You cannot publish over the previously published version 0.0.1." : rethinkdb-client
49 error If you need help, you may report this error at:
49 error     <https://github.com/npm/npm/issues>
50 verbose exit [ 1, true ]
